mode: set
task8-Testing/task1/task1-student-grade-calculator.go:18.41,20.44 2 0
task8-Testing/task1/task1-student-grade-calculator.go:20.44,22.3 1 0
task8-Testing/task1/task1-student-grade-calculator.go:23.2,23.48 1 0
task8-Testing/task1/task1-student-grade-calculator.go:26.13,42.16 12 0
task8-Testing/task1/task1-student-grade-calculator.go:42.16,45.3 2 0
task8-Testing/task1/task1-student-grade-calculator.go:46.2,46.35 1 0
task8-Testing/task1/task1-student-grade-calculator.go:46.35,55.45 9 0
task8-Testing/task1/task1-student-grade-calculator.go:55.45,58.4 2 0
task8-Testing/task1/task1-student-grade-calculator.go:60.3,60.49 1 0
task8-Testing/task1/task1-student-grade-calculator.go:63.2,65.60 3 0
task8-Testing/task1/task1-student-grade-calculator.go:65.60,67.3 1 0
task8-Testing/task1/task1-student-grade-calculator.go:68.2,68.65 1 0
task8-Testing/task1/task1-student-grade-calculator.go:72.13,78.38 2 0
task8-Testing/task1/task1-student-grade-calculator.go:78.38,81.3 2 0
task8-Testing/task1/task1-student-grade-calculator.go:84.2,88.39 2 0
task8-Testing/task1/task1-student-grade-calculator.go:88.39,91.3 2 0
task8-Testing/task1/task1-student-grade-calculator.go:92.2,92.39 1 0
task8-Testing/task2/word-frequency-count.go:9.53,10.56 1 0
task8-Testing/task2/word-frequency-count.go:10.56,12.3 1 0
task8-Testing/task2/word-frequency-count.go:13.2,14.29 2 0
task8-Testing/task2/word-frequency-count.go:14.29,16.3 1 0
task8-Testing/task2/word-frequency-count.go:17.2,17.18 1 0
task8-Testing/task2/word-frequency-count.go:19.34,21.56 2 0
task8-Testing/task2/word-frequency-count.go:21.56,23.3 1 0
task8-Testing/task2/word-frequency-count.go:24.2,26.27 3 0
task8-Testing/task2/word-frequency-count.go:26.27,27.31 1 0
task8-Testing/task2/word-frequency-count.go:27.31,29.4 1 0
task8-Testing/task2/word-frequency-count.go:31.2,31.13 1 0
task8-Testing/task2/word-frequency-count.go:33.13,40.24 3 0
task8-Testing/task2/word-frequency-count.go:40.24,43.3 2 0
task8-Testing/task2/word-frequency-count.go:45.2,45.25 1 0
task8-Testing/task2/word-frequency-count.go:45.25,48.3 2 0
task8-Testing/task2/word-frequency-count.go:50.2,50.23 1 0
task8-Testing/task2/word-frequency-count.go:50.23,53.3 2 0
task8-Testing/task2/word-frequency-count.go:54.2,60.12 3 0
task8-Testing/task2/word-frequency-count.go:60.12,63.3 2 0
task8-Testing/task2/word-frequency-count.go:65.2,66.12 2 0
task8-Testing/task2/word-frequency-count.go:66.12,69.3 2 0
task8-Testing/task2/word-frequency-count.go:71.2,72.11 2 0
task8-Testing/task2/word-frequency-count.go:72.11,75.3 2 0
task8-Testing/task2/word-frequency-count.go:76.2,76.33 1 0
